2023-06-19 00:12:56.372  INFO [auth-ms,,] 1 --- [Thread-2] o.s.c.s.a.z.ZipkinAutoConfiguration      : Flushing remaining spans on shutdown
2023-06-19 00:12:56.426  INFO [auth-ms,,] 1 --- [SpringApplicationShutdownHook] n.d.b.g.s.s.GrpcServerLifecycle          : gRPC server shutdown.
2023-06-19 00:12:56.490  INFO [auth-ms,,] 1 --- [SpringApplicationShutdownHook] j.LocalContainerEntityManagerFactoryBean : Closing JPA EntityManagerFactory for persistence unit 'default'
2023-06-19 00:12:56.507  INFO [auth-ms,,] 1 --- [SpringApplicationShutdownHook] com.zaxxer.hikari.HikariDataSource       : HikariPool-1 - Shutdown initiated...
2023-06-19 00:12:56.515  INFO [auth-ms,,] 1 --- [SpringApplicationShutdownHook] com.zaxxer.hikari.HikariDataSource       : HikariPool-1 - Shutdown completed.
2023-06-19 00:21:31.204  INFO [auth-ms,,] 1 --- [main] com.vima.auth.AuthApplication            : Starting AuthApplication v0.0.1-SNAPSHOT using Java 20.0.1 on 5968486355c7 with PID 1 (/application/BOOT-INF/classes started by root in /application)
2023-06-19 00:21:31.209  INFO [auth-ms,,] 1 --- [main] com.vima.auth.AuthApplication            : No active profile set, falling back to 1 default profile: "default"
2023-06-19 00:21:32.429  INFO [auth-ms,,] 1 --- [main] .s.d.r.c.RepositoryConfigurationDelegate : Bootstrapping Spring Data JPA repositories in DEFAULT mode.
2023-06-19 00:21:32.468  INFO [auth-ms,,] 1 --- [main] .s.d.r.c.RepositoryConfigurationDelegate : Finished Spring Data repository scanning in 30 ms. Found 2 JPA repository interfaces.
2023-06-19 00:21:32.733  INFO [auth-ms,,] 1 --- [main] o.s.cloud.context.scope.GenericScope     : BeanFactory id=f931f1ef-de92-3e1a-959e-371cdebd1c72
2023-06-19 00:21:33.542  INFO [auth-ms,,] 1 --- [main] o.s.b.w.embedded.tomcat.TomcatWebServer  : Tomcat initialized with port(s): 8082 (http)
2023-06-19 00:21:33.553  INFO [auth-ms,,] 1 --- [main] o.apache.catalina.core.StandardService   : Starting service [Tomcat]
2023-06-19 00:21:33.554  INFO [auth-ms,,] 1 --- [main] org.apache.catalina.core.StandardEngine  : Starting Servlet engine: [Apache Tomcat/9.0.60]
2023-06-19 00:21:33.645  INFO [auth-ms,,] 1 --- [main] o.a.c.c.C.[Tomcat].[localhost].[/]       : Initializing Spring embedded WebApplicationContext
2023-06-19 00:21:33.646  INFO [auth-ms,,] 1 --- [main] w.s.c.ServletWebServerApplicationContext : Root WebApplicationContext: initialization completed in 2391 ms
2023-06-19 00:21:34.544  INFO [auth-ms,,] 1 --- [main] o.hibernate.jpa.internal.util.LogHelper  : HHH000204: Processing PersistenceUnitInfo [name: default]
2023-06-19 00:21:34.591  INFO [auth-ms,,] 1 --- [main] org.hibernate.Version                    : HHH000412: Hibernate ORM core version 5.6.7.Final
2023-06-19 00:21:34.736  INFO [auth-ms,,] 1 --- [main] o.hibernate.annotations.common.Version   : HCANN000001: Hibernate Commons Annotations {5.1.2.Final}
2023-06-19 00:21:34.812  INFO [auth-ms,,] 1 --- [main] com.zaxxer.hikari.HikariDataSource       : HikariPool-1 - Starting...
2023-06-19 00:21:35.347  INFO [auth-ms,,] 1 --- [main] com.zaxxer.hikari.HikariDataSource       : HikariPool-1 - Start completed.
2023-06-19 00:21:35.367  INFO [auth-ms,,] 1 --- [main] org.hibernate.dialect.Dialect            : HHH000400: Using dialect: org.hibernate.dialect.MySQL8Dialect
2023-06-19 00:21:37.951  INFO [auth-ms,,] 1 --- [main] o.h.e.t.j.p.i.JtaPlatformInitiator       : HHH000490: Using JtaPlatform implementation: [org.hibernate.engine.transaction.jta.platform.internal.NoJtaPlatform]
2023-06-19 00:21:37.963  INFO [auth-ms,,] 1 --- [main] j.LocalContainerEntityManagerFactoryBean : Initialized JPA EntityManagerFactory for persistence unit 'default'
2023-06-19 00:21:38.949  WARN [auth-ms,,] 1 --- [main] JpaBaseConfiguration$JpaWebConfiguration : spring.jpa.open-in-view is enabled by default. Therefore, database queries may be performed during view rendering. Explicitly configure spring.jpa.open-in-view to disable this warning
2023-06-19 00:21:40.169  INFO [auth-ms,,] 1 --- [main] o.s.b.a.e.web.EndpointLinksResolver      : Exposing 1 endpoint(s) beneath base path '/actuator'
2023-06-19 00:21:40.225  INFO [auth-ms,,] 1 --- [main] o.s.b.w.embedded.tomcat.TomcatWebServer  : Tomcat started on port(s): 8082 (http) with context path ''
2023-06-19 00:21:40.315  INFO [auth-ms,,] 1 --- [main] n.d.b.g.s.s.AbstractGrpcServerFactory    : Registered gRPC service: com.vima.gateway.RatingService, bean: ratingGrpcService, class: com.vima.auth.grpc_service.RatingGrpcService
2023-06-19 00:21:40.319  INFO [auth-ms,,] 1 --- [main] n.d.b.g.s.s.AbstractGrpcServerFactory    : Registered gRPC service: communication.userDetailsService, bean: grpcUserDetailsService, class: com.vima.auth.grpc_service.grpcUserDetailsService
2023-06-19 00:21:40.403  INFO [auth-ms,,] 1 --- [main] n.d.b.g.s.s.GrpcServerLifecycle          : gRPC Server started, listening on address: *, port: 9092
2023-06-19 00:21:40.437  INFO [auth-ms,,] 1 --- [main] com.vima.auth.AuthApplication            : Started AuthApplication in 9.639 seconds (JVM running for 10.209)
2023-06-19 00:21:44.457  INFO [auth-ms,5eac8d10d4555efb,5eac8d10d4555efb] 1 --- [http-nio-8082-exec-1] o.a.c.c.C.[Tomcat].[localhost].[/]       : Initializing Spring DispatcherServlet 'dispatcherServlet'
2023-06-19 00:21:44.458  INFO [auth-ms,5eac8d10d4555efb,5eac8d10d4555efb] 1 --- [http-nio-8082-exec-1] o.s.web.servlet.DispatcherServlet        : Initializing Servlet 'dispatcherServlet'
2023-06-19 00:21:44.460  INFO [auth-ms,5eac8d10d4555efb,5eac8d10d4555efb] 1 --- [http-nio-8082-exec-1] o.s.web.servlet.DispatcherServlet        : Completed initialization in 1 ms
2023-06-19 00:24:24.761  INFO [auth-ms,,] 1 --- [Thread-2] o.s.c.s.a.z.ZipkinAutoConfiguration      : Flushing remaining spans on shutdown
2023-06-19 00:24:24.779  INFO [auth-ms,,] 1 --- [SpringApplicationShutdownHook] n.d.b.g.s.s.GrpcServerLifecycle          : gRPC server shutdown.
2023-06-19 00:24:24.821  INFO [auth-ms,,] 1 --- [SpringApplicationShutdownHook] j.LocalContainerEntityManagerFactoryBean : Closing JPA EntityManagerFactory for persistence unit 'default'
2023-06-19 00:24:24.827  INFO [auth-ms,,] 1 --- [SpringApplicationShutdownHook] com.zaxxer.hikari.HikariDataSource       : HikariPool-1 - Shutdown initiated...
2023-06-19 00:24:24.844  INFO [auth-ms,,] 1 --- [SpringApplicationShutdownHook] com.zaxxer.hikari.HikariDataSource       : HikariPool-1 - Shutdown completed.
