2023-06-19 00:21:19.644  INFO [recommendation-ms,,] 1 --- [main] c.v.r.RecommendationApplication          : Starting RecommendationApplication v0.0.1-SNAPSHOT using Java 20.0.1 on 2ab4ef7bc456 with PID 1 (/application/BOOT-INF/classes started by root in /application)
2023-06-19 00:21:19.656  INFO [recommendation-ms,,] 1 --- [main] c.v.r.RecommendationApplication          : No active profile set, falling back to 1 default profile: "default"
2023-06-19 00:21:22.009  INFO [recommendation-ms,,] 1 --- [main] .s.d.r.c.RepositoryConfigurationDelegate : Bootstrapping Spring Data Neo4j repositories in DEFAULT mode.
2023-06-19 00:21:22.089  INFO [recommendation-ms,,] 1 --- [main] .s.d.r.c.RepositoryConfigurationDelegate : Finished Spring Data repository scanning in 66 ms. Found 2 Neo4j repository interfaces.
2023-06-19 00:21:22.699  INFO [recommendation-ms,,] 1 --- [main] o.s.cloud.context.scope.GenericScope     : BeanFactory id=39821d1c-3173-3351-97b8-24756c6029e7
2023-06-19 00:21:23.524  INFO [recommendation-ms,,] 1 --- [main] o.s.b.w.embedded.tomcat.TomcatWebServer  : Tomcat initialized with port(s): 8085 (http)
2023-06-19 00:21:23.539  INFO [recommendation-ms,,] 1 --- [main] o.apache.catalina.core.StandardService   : Starting service [Tomcat]
2023-06-19 00:21:23.540  INFO [recommendation-ms,,] 1 --- [main] org.apache.catalina.core.StandardEngine  : Starting Servlet engine: [Apache Tomcat/9.0.60]
2023-06-19 00:21:23.638  INFO [recommendation-ms,,] 1 --- [main] o.a.c.c.C.[Tomcat].[localhost].[/]       : Initializing Spring embedded WebApplicationContext
2023-06-19 00:21:23.639  INFO [recommendation-ms,,] 1 --- [main] w.s.c.ServletWebServerApplicationContext : Root WebApplicationContext: initialization completed in 3881 ms
2023-06-19 00:21:24.968  INFO [recommendation-ms,,] 1 --- [main] org.neo4j.driver.internal.DriverFactory  : Direct driver instance 1124131392 created for server address neo4j:7687
2023-06-19 00:21:26.322  INFO [recommendation-ms,,] 1 --- [main] o.s.b.a.e.web.EndpointLinksResolver      : Exposing 1 endpoint(s) beneath base path '/actuator'
2023-06-19 00:21:26.380  INFO [recommendation-ms,,] 1 --- [main] o.s.b.w.embedded.tomcat.TomcatWebServer  : Tomcat started on port(s): 8085 (http) with context path ''
2023-06-19 00:21:26.513  INFO [recommendation-ms,,] 1 --- [main] n.d.b.g.s.s.AbstractGrpcServerFactory    : Registered gRPC service: com.vima.gateway.RecommendationService, bean: recommendationGrpcService, class: com.vima.recommendation.grpc_service.RecommendationGrpcService
2023-06-19 00:21:26.619  INFO [recommendation-ms,,] 1 --- [main] n.d.b.g.s.s.GrpcServerLifecycle          : gRPC Server started, listening on address: *, port: 9095
2023-06-19 00:21:26.657  INFO [recommendation-ms,,] 1 --- [main] c.v.r.RecommendationApplication          : Started RecommendationApplication in 7.483 seconds (JVM running for 8.128)
2023-06-19 00:21:46.372  INFO [recommendation-ms,ea465aefd0dbd9e5,ea465aefd0dbd9e5] 1 --- [http-nio-8085-exec-1] o.a.c.c.C.[Tomcat].[localhost].[/]       : Initializing Spring DispatcherServlet 'dispatcherServlet'
2023-06-19 00:21:46.374  INFO [recommendation-ms,ea465aefd0dbd9e5,ea465aefd0dbd9e5] 1 --- [http-nio-8085-exec-1] o.s.web.servlet.DispatcherServlet        : Initializing Servlet 'dispatcherServlet'
2023-06-19 00:21:46.376  INFO [recommendation-ms,ea465aefd0dbd9e5,ea465aefd0dbd9e5] 1 --- [http-nio-8085-exec-1] o.s.web.servlet.DispatcherServlet        : Completed initialization in 1 ms
2023-06-19 00:24:23.479  INFO [recommendation-ms,,] 1 --- [Thread-2] o.s.c.s.a.z.ZipkinAutoConfiguration      : Flushing remaining spans on shutdown
2023-06-19 00:24:23.512  INFO [recommendation-ms,,] 1 --- [SpringApplicationShutdownHook] n.d.b.g.s.s.GrpcServerLifecycle          : gRPC server shutdown.
2023-06-19 00:24:23.544  INFO [recommendation-ms,,] 1 --- [SpringApplicationShutdownHook] o.neo4j.driver.internal.InternalDriver   : Closing driver instance 1124131392
2023-06-19 00:24:23.547  INFO [recommendation-ms,,] 1 --- [SpringApplicationShutdownHook] o.n.d.i.async.pool.ConnectionPoolImpl    : Closing connection pool towards neo4j:7687
